16:26:34.307 - INFO: Program started. Press Ctrl-C to abort at any time.
16:26:34.307 - INFO: To interrupt mouse movement, move mouse to upper left corner.
16:26:34.307 - INFO: Finding game region...
16:26:34.612 - WARNING: Not sure the game is on screen. Proceeding anyway.
16:26:34.613 - INFO: Game region found: (0, 0, 1920, 1080)
16:26:35.334 - INFO: Buying any available upgrades.
16:26:36.385 - INFO: No more upgrades available.
16:26:39.387 - INFO: Opening images\ss.png to read.
16:26:39.579 - INFO: I think it says: 5:49
16:26:40.080 - INFO: Current mission will complete in 6min.
16:26:40.080 - INFO: Exiting Guild...
16:26:41.715 - INFO: Clicking 15 times.
16:26:58.049 - INFO: Buying any available upgrades.
16:26:59.116 - INFO: No more upgrades available.
16:26:59.218 - INFO: Clicking 15 times.
16:27:15.549 - INFO: Buying any available upgrades.
16:27:16.616 - INFO: No more upgrades available.
16:27:16.718 - INFO: Clicking 15 times.
16:27:29.913 - ERROR: Fail safe detected! Terminating.
16:29:42.460 - INFO: Program started. Press Ctrl-C to abort at any time.
16:29:42.460 - INFO: To interrupt mouse movement, move mouse to upper left corner.
16:29:42.461 - INFO: Finding game region...
16:29:42.463 - ERROR: Could not find game. Is the game open?
16:30:26.992 - INFO: Program started. Press Ctrl-C to abort at any time.
16:30:26.992 - INFO: To interrupt mouse movement, move mouse to upper left corner.
16:30:26.992 - INFO: Finding game region...
16:30:26.994 - ERROR: Could not find game. Is the game open?
16:36:34.066 - INFO: Program started. Press Ctrl-C to abort at any time.
16:36:34.066 - INFO: To interrupt mouse movement, move mouse to upper left corner.
16:36:34.066 - INFO: Finding game region...
16:36:35.856 - WARNING: Not sure the game is on screen. Proceeding anyway.
16:36:35.856 - INFO: Game region found: (0, 0, 1920, 1080)
16:36:36.562 - INFO: Buying any available upgrades.
16:36:38.520 - INFO: No more upgrades available.
16:36:41.515 - INFO: Opening images\ss.png to read.
16:36:41.724 - INFO: I think it says: Completed
16:36:41.724 - INFO: Mission completed.
16:36:44.761 - INFO: Claimed.
16:36:45.822 - INFO: Opening images\ss.png to read.
16:36:46.040 - INFO: I think it says: II.UU

Ad aA
16:36:46.811 - INFO: Attempted to stat new expedition. Will check back later.
16:36:47.312 - INFO: Exiting Guild...
16:36:48.945 - INFO: Clicking 15 times.
16:36:52.994 - ERROR: Fail safe detected! Terminating.
16:37:39.550 - INFO: Program started. Press Ctrl-C to abort at any time.
16:37:39.550 - INFO: To interrupt mouse movement, move mouse to upper left corner.
16:37:39.550 - INFO: Finding game region...
16:37:41.302 - WARNING: Not sure the game is on screen. Proceeding anyway.
16:37:41.302 - INFO: Game region found: (0, 0, 1920, 1080)
16:37:42.012 - INFO: Buying any available upgrades.
16:37:43.056 - INFO: No more upgrades available.
16:37:46.050 - INFO: Opening images\ss.png to read.
16:37:46.250 - INFO: I think it says: 57:02
16:37:46.751 - INFO: Current mission will complete in 58min.
16:37:46.751 - INFO: Exiting Guild...
16:37:48.378 - INFO: Clicking 15 times.
16:37:55.493 - ERROR: Fail safe detected! Terminating.
16:40:53.021 - INFO: Program started. Press Ctrl-C to abort at any time.
16:40:53.021 - INFO: To interrupt mouse movement, move mouse to upper left corner.
16:40:53.021 - INFO: Finding game region...
16:40:54.788 - WARNING: Not sure the game is on screen. Proceeding anyway.
16:40:54.788 - INFO: Game region found: (0, 0, 1920, 1080)
16:40:55.494 - INFO: Buying any available upgrades.
16:40:57.414 - INFO: No more upgrades available.
16:41:00.419 - INFO: Opening images\ss.png to read.
16:41:00.617 - INFO: I think it says: 53:47
16:41:01.118 - INFO: Current mission will complete in 54min.
16:41:01.118 - INFO: Exiting Guild...
16:41:02.744 - INFO: Clicking 15 times.
16:41:04.777 - ERROR: Fail safe detected! Terminating.
16:43:33.318 - INFO: Program started. Press Ctrl-C to abort at any time.
16:43:33.318 - INFO: To interrupt mouse movement, move mouse to upper left corner.
16:43:33.318 - INFO: Finding game region...
16:43:35.084 - WARNING: Not sure the game is on screen. Proceeding anyway.
16:43:35.084 - INFO: Game region found: (0, 0, 1920, 1080)
16:43:35.794 - INFO: Buying any available upgrades.
16:43:36.860 - INFO: No more upgrades available.
16:43:39.862 - INFO: Opening images\ss.png to read.
16:43:40.056 - INFO: I think it says: 51:07
16:43:40.557 - INFO: Current mission will complete in 52min.
16:43:40.557 - INFO: Exiting Guild...
16:43:42.191 - INFO: Clicking 15 times.
16:43:51.343 - ERROR: Fail safe detected! Terminating.
16:47:09.828 - INFO: Program started. Press Ctrl-C to abort at any time.
16:47:09.829 - INFO: To interrupt mouse movement, move mouse to upper left corner.
16:47:09.829 - INFO: Finding game region...
16:47:11.585 - WARNING: Not sure the game is on screen. Proceeding anyway.
16:47:11.585 - INFO: Game region found: (0, 0, 1920, 1080)
16:48:15.855 - INFO: Program started. Press Ctrl-C to abort at any time.
16:48:15.855 - INFO: To interrupt mouse movement, move mouse to upper left corner.
16:48:15.856 - INFO: Finding game region...
16:48:17.618 - WARNING: Not sure the game is on screen. Proceeding anyway.
16:48:17.618 - INFO: Game region found: (0, 0, 1920, 1080)
16:48:59.050 - INFO: Program started. Press Ctrl-C to abort at any time.
16:48:59.050 - INFO: To interrupt mouse movement, move mouse to upper left corner.
16:48:59.050 - INFO: Finding game region...
16:49:00.816 - WARNING: Not sure the game is on screen. Proceeding anyway.
16:49:00.817 - INFO: Game region found: (0, 0, 1920, 1080)
16:49:01.525 - INFO: Buying any available upgrades.
16:49:03.452 - INFO: No more upgrades available.
16:49:06.447 - INFO: Opening images\ss.png to read.
16:49:06.635 - INFO: I think it says: 45:41
16:49:07.136 - INFO: Current mission will complete in 46min.
16:49:07.136 - INFO: Exiting Guild...
16:49:08.757 - INFO: Clicking 15 times.
16:49:13.840 - ERROR: Fail safe detected! Terminating.
16:51:26.677 - INFO: Program started. Press Ctrl-C to abort at any time.
16:51:26.677 - INFO: To interrupt mouse movement, move mouse to upper left corner.
16:51:26.677 - INFO: Finding game region...
16:51:28.428 - WARNING: Not sure the game is on screen. Proceeding anyway.
16:51:28.428 - INFO: Game region found: (0, 0, 1920, 1080)
16:52:15.184 - INFO: Program started. Press Ctrl-C to abort at any time.
16:52:15.184 - INFO: To interrupt mouse movement, move mouse to upper left corner.
16:52:17.908 - INFO: Finding game region...
16:52:19.660 - WARNING: Not sure the game is on screen. Proceeding anyway.
16:52:19.660 - INFO: Game region found: (0, 0, 1920, 1080)
16:52:20.375 - INFO: Buying any available upgrades.
16:52:21.435 - INFO: No more upgrades available.
16:52:24.435 - INFO: Opening images\ss.png to read.
16:52:24.623 - INFO: I think it says: U bape}
16:52:25.124 - INFO: invalid literal for int() with base 10: 'U bape}'
16:52:25.124 - WARNING: Not sure what the status is.
16:52:25.239 - INFO: Attempted to stat new expedition. Will check back later.
16:52:25.740 - INFO: Exiting Guild...
16:52:27.875 - INFO: Clicking 15 times.
16:52:28.888 - ERROR: Fail safe detected! Terminating.
16:52:52.358 - INFO: Program started. Press Ctrl-C to abort at any time.
16:52:52.358 - INFO: To interrupt mouse movement, move mouse to upper left corner.
16:52:52.358 - INFO: Finding game region...
17:02:26.995 - INFO: Program started. Press Ctrl-C to abort at any time.
17:02:26.995 - INFO: To interrupt mouse movement, move mouse to upper left corner.
17:02:26.995 - INFO: Finding game region...
17:05:39.779 - INFO: Program started. Press Ctrl-C to abort at any time.
17:05:39.779 - INFO: To interrupt mouse movement, move mouse to upper left corner.
17:05:39.779 - INFO: Finding game region...
17:05:41.546 - WARNING: Not sure the game is on screen. Proceeding anyway.
17:05:41.546 - INFO: Game region found: (0, 0, 1920, 1080)
17:05:42.253 - INFO: Buying any available upgrades.
17:05:45.031 - INFO: No more upgrades available.
17:05:48.042 - INFO: Opening images\ss.png to read.
17:05:48.232 - INFO: I think it says: 29:01
17:05:48.732 - INFO: Current mission will complete in 30min.
17:05:48.732 - INFO: Exiting Guild...
17:05:50.369 - INFO: Clicking 15 times.
17:05:59.517 - ERROR: Fail safe detected! Terminating.
17:06:55.892 - INFO: Program started. Press Ctrl-C to abort at any time.
17:06:55.892 - INFO: To interrupt mouse movement, move mouse to upper left corner.
17:06:55.892 - INFO: Finding game region...
17:06:57.720 - WARNING: Not sure the game is on screen. Proceeding anyway.
17:06:57.720 - INFO: Game region found: (0, 0, 1920, 1080)
17:06:58.435 - INFO: Buying any available upgrades.
17:06:59.537 - INFO: No more upgrades available.
17:07:02.542 - INFO: Opening images\ss.png to read.
17:07:02.738 - INFO: I think it says: 27:47
17:07:03.239 - INFO: Current mission will complete in 28min.
17:07:03.239 - INFO: Exiting Guild...
17:07:04.868 - INFO: Clicking 15 times.
17:07:06.883 - ERROR: Fail safe detected! Terminating.
17:08:09.235 - INFO: Program started. Press Ctrl-C to abort at any time.
17:08:09.235 - INFO: To interrupt mouse movement, move mouse to upper left corner.
17:08:09.235 - INFO: Finding game region...
17:09:44.312 - INFO: Program started. Press Ctrl-C to abort at any time.
17:09:44.312 - INFO: To interrupt mouse movement, move mouse to upper left corner.
17:09:44.312 - INFO: Finding game region...
17:10:20.437 - WARNING: Not sure the game is on screen. Proceeding anyway.
17:10:20.438 - INFO: Game region found: (0, 0, 1920, 1080)
17:10:21.152 - INFO: Buying any available upgrades.
17:10:22.247 - INFO: No more upgrades available.
17:10:25.252 - INFO: Opening images\ss.png to read.
17:10:25.443 - INFO: I think it says: 
17:10:26.009 - INFO: Opening images\ss.png to read.
17:10:26.195 - INFO: I think it says: 
17:10:26.195 - ERROR: Fail safe detected! Terminating.
17:11:17.436 - INFO: Program started. Press Ctrl-C to abort at any time.
17:11:17.437 - INFO: To interrupt mouse movement, move mouse to upper left corner.
17:11:17.437 - INFO: Finding game region...
17:11:56.853 - INFO: Program started. Press Ctrl-C to abort at any time.
17:11:56.853 - INFO: To interrupt mouse movement, move mouse to upper left corner.
17:12:00.885 - INFO: Finding game region...
17:12:02.633 - WARNING: Not sure the game is on screen. Proceeding anyway.
17:12:02.633 - INFO: Game region found: (0, 0, 1920, 1080)
17:12:03.350 - INFO: Buying any available upgrades.
17:12:04.833 - INFO: No more upgrades available.
17:12:07.826 - INFO: Opening images\ss.png to read.
17:12:08.039 - INFO: I think it says: 22:42
17:12:08.540 - INFO: Current mission will complete in 23min.
17:12:08.540 - INFO: Exiting Guild...
17:12:10.166 - INFO: Clicking 15 times.
17:12:24.383 - ERROR: Fail safe detected! Terminating.
17:13:26.829 - INFO: Program started. Press Ctrl-C to abort at any time.
17:13:26.830 - INFO: To interrupt mouse movement, move mouse to upper left corner.
17:13:34.404 - INFO: Finding game region...
17:13:36.167 - WARNING: Not sure the game is on screen. Proceeding anyway.
17:13:36.167 - INFO: Game region found: (0, 0, 1920, 1080)
17:13:36.883 - INFO: Buying any available upgrades.
17:13:37.976 - INFO: No more upgrades available.
17:13:40.969 - INFO: Opening images\ss.png to read.
17:13:41.147 - INFO: I think it says: 21:09
17:13:41.647 - INFO: Current mission will complete in 22min.
17:13:41.647 - INFO: Exiting Guild...
17:13:43.280 - INFO: Clicking 15 times.
17:13:46.331 - ERROR: Fail safe detected! Terminating.
17:17:22.447 - INFO: Program started. Press Ctrl-C to abort at any time.
17:17:22.447 - INFO: To interrupt mouse movement, move mouse to upper left corner.
17:17:25.001 - INFO: Finding game region...
17:17:26.806 - WARNING: Not sure the game is on screen. Proceeding anyway.
17:17:26.807 - INFO: Game region found: (0, 0, 1920, 1080)
17:17:27.514 - INFO: Buying any available upgrades.
17:17:28.594 - INFO: No more upgrades available.
17:17:31.601 - INFO: Opening images\ss.png to read.
17:17:31.812 - INFO: I think it says: VAL)
17:17:32.313 - INFO: invalid literal for int() with base 10: 'VAL)'
17:17:32.313 - WARNING: Not sure what the status is.
17:17:32.429 - INFO: Attempted to stat new expedition. Will check back later.
17:17:32.929 - INFO: Exiting Guild...
17:17:35.047 - INFO: Clicking 15 times.
17:17:36.063 - ERROR: Fail safe detected! Terminating.
17:17:46.958 - INFO: Program started. Press Ctrl-C to abort at any time.
17:17:46.958 - INFO: To interrupt mouse movement, move mouse to upper left corner.
17:17:48.230 - INFO: Finding game region...
17:17:49.734 - ERROR: Could not find game. Is the game open?
17:18:48.859 - INFO: Program started. Press Ctrl-C to abort at any time.
17:18:48.859 - INFO: To interrupt mouse movement, move mouse to upper left corner.
17:18:49.951 - INFO: Finding game region...
17:18:51.456 - ERROR: Could not find game. Is the game open?
17:20:04.662 - INFO: Program started. Press Ctrl-C to abort at any time.
17:20:04.662 - INFO: To interrupt mouse movement, move mouse to upper left corner.
17:20:09.583 - INFO: Finding game region...
17:20:11.334 - WARNING: Not sure the game is on screen. Proceeding anyway.
17:20:11.334 - INFO: Game region found: (0, 0, 1920, 1080)
17:20:12.047 - INFO: Buying any available upgrades.
17:20:13.097 - INFO: No more upgrades available.
17:20:16.087 - INFO: Opening images\ss.png to read.
17:20:16.288 - INFO: I think it says: 14:30
17:20:16.789 - INFO: Current mission will complete in 15min.
17:20:16.789 - INFO: Exiting Guild...
17:20:18.412 - INFO: Clicking 15 times.
17:20:34.763 - INFO: Buying any available upgrades.
17:20:35.147 - INFO: No more upgrades available.
17:20:35.249 - INFO: Clicking 15 times.
17:20:47.445 - ERROR: Fail safe detected! Terminating.
17:32:25.792 - INFO: Program started. Press Ctrl-C to abort at any time.
17:32:25.792 - INFO: To interrupt mouse movement, move mouse to upper left corner.
17:32:28.609 - INFO: Finding game region...
17:32:30.527 - WARNING: Not sure the game is on screen. Proceeding anyway.
17:32:30.528 - INFO: Game region found: (0, 0, 1920, 1080)
17:32:31.247 - INFO: Buying any available upgrades.
17:32:33.319 - INFO: No more upgrades available.
17:32:36.329 - INFO: Opening images\ss.png to read.
17:32:36.590 - INFO: I think it says: rT
17:32:37.091 - INFO: invalid literal for int() with base 10: 'rT'
17:32:37.091 - WARNING: Not sure what the status is.
17:32:37.209 - INFO: Attempted to stat new expedition. Will check back later.
17:32:37.710 - INFO: Exiting Guild...
17:32:39.861 - INFO: Clicking 15 times.
17:32:56.398 - INFO: Buying any available upgrades.
17:32:57.352 - INFO: No more upgrades available.
17:33:00.363 - INFO: Opening images\ss.png to read.
17:33:00.609 - INFO: I think it says: 1hOY A
17:33:01.110 - INFO: invalid literal for int() with base 10: '1hOY A'
17:33:01.110 - WARNING: Not sure what the status is.
17:33:01.227 - INFO: Attempted to stat new expedition. Will check back later.
17:33:01.728 - INFO: Exiting Guild...
17:33:03.861 - INFO: Clicking 15 times.
17:33:20.345 - INFO: Buying any available upgrades.
17:33:21.364 - INFO: No more upgrades available.
17:33:24.384 - INFO: Opening images\ss.png to read.
17:33:24.627 - INFO: I think it says: 1 Fe]
17:33:25.128 - INFO: invalid literal for int() with base 10: '1 Fe]'
17:33:25.128 - WARNING: Not sure what the status is.
17:33:25.243 - INFO: Attempted to stat new expedition. Will check back later.
17:33:25.743 - INFO: Exiting Guild...
17:33:27.891 - INFO: Clicking 15 times.
17:33:44.379 - INFO: Buying any available upgrades.
17:33:45.178 - INFO: No more upgrades available.
17:33:48.180 - INFO: Opening images\ss.png to read.
17:33:48.435 - INFO: I think it says: 1:00
17:33:48.935 - INFO: Current mission will complete in 2min.
17:33:48.935 - INFO: Exiting Guild...
17:33:50.561 - INFO: Clicking 15 times.
17:34:07.062 - INFO: Buying any available upgrades.
17:34:07.749 - INFO: No more upgrades available.
17:34:07.851 - INFO: Clicking 15 times.
17:34:24.313 - INFO: Buying any available upgrades.
17:34:24.885 - INFO: No more upgrades available.
17:34:24.989 - INFO: Clicking 15 times.
17:34:41.428 - INFO: Buying any available upgrades.
17:34:41.542 - INFO: No more upgrades available.
17:34:41.659 - INFO: Clicking 15 times.
17:34:58.111 - INFO: Buying any available upgrades.
17:34:58.230 - INFO: No more upgrades available.
17:34:58.343 - INFO: Clicking 15 times.
17:35:14.862 - INFO: Buying any available upgrades.
17:35:15.320 - INFO: No more upgrades available.
17:35:15.425 - INFO: Clicking 15 times.
17:35:31.878 - INFO: Buying any available upgrades.
17:35:31.987 - INFO: No more upgrades available.
17:35:32.109 - INFO: Clicking 15 times.
17:35:48.543 - INFO: Buying any available upgrades.
17:35:48.661 - INFO: No more upgrades available.
17:35:48.775 - INFO: Clicking 15 times.
17:36:05.242 - INFO: Buying any available upgrades.
17:36:05.364 - INFO: No more upgrades available.
17:36:08.380 - INFO: Opening images\ss.png to read.
17:36:08.638 - INFO: I think it says: Completed
17:36:08.639 - INFO: Mission completed.
17:36:11.673 - INFO: Claimed.
17:36:12.747 - INFO: Opening images\ss.png to read.
17:36:13.006 - INFO: I think it says: aaa
ou
17:36:13.773 - INFO: Attempted to stat new expedition. Will check back later.
17:36:14.273 - INFO: Exiting Guild...
17:36:15.907 - INFO: Clicking 15 times.
17:36:32.345 - INFO: Buying any available upgrades.
17:36:32.449 - INFO: No more upgrades available.
17:36:35.456 - INFO: Opening images\ss.png to read.
17:36:35.726 - INFO: I think it says: 52:39
17:36:36.227 - INFO: Current mission will complete in 53min.
17:36:36.227 - INFO: Exiting Guild...
17:36:37.859 - INFO: Clicking 15 times.
17:36:54.277 - INFO: Buying any available upgrades.
17:36:54.386 - INFO: No more upgrades available.
17:36:54.493 - INFO: Clicking 15 times.
17:37:10.928 - INFO: Buying any available upgrades.
17:37:11.043 - INFO: No more upgrades available.
17:37:11.145 - INFO: Clicking 15 times.
17:37:27.611 - INFO: Buying any available upgrades.
17:37:27.723 - INFO: No more upgrades available.
17:37:27.842 - INFO: Clicking 15 times.
17:37:44.313 - INFO: Buying any available upgrades.
17:37:44.419 - INFO: No more upgrades available.
17:37:44.525 - INFO: Clicking 15 times.
17:38:00.979 - INFO: Buying any available upgrades.
17:38:01.095 - INFO: No more upgrades available.
17:38:01.197 - INFO: Clicking 15 times.
17:38:17.644 - INFO: Buying any available upgrades.
17:38:17.781 - INFO: No more upgrades available.
17:38:17.892 - INFO: Clicking 15 times.
17:38:34.311 - INFO: Buying any available upgrades.
17:38:34.427 - INFO: No more upgrades available.
17:38:34.542 - INFO: Clicking 15 times.
17:38:50.975 - INFO: Buying any available upgrades.
17:38:51.101 - INFO: No more upgrades available.
17:38:51.204 - INFO: Clicking 15 times.
17:39:07.662 - INFO: Buying any available upgrades.
17:39:07.771 - INFO: No more upgrades available.
17:39:07.890 - INFO: Clicking 15 times.
17:39:24.376 - INFO: Buying any available upgrades.
17:39:24.488 - INFO: No more upgrades available.
17:39:24.608 - INFO: Clicking 15 times.
17:39:41.057 - INFO: Buying any available upgrades.
17:39:41.202 - INFO: No more upgrades available.
17:39:41.311 - INFO: Clicking 15 times.
17:39:57.744 - INFO: Buying any available upgrades.
17:39:57.853 - INFO: No more upgrades available.
17:39:57.975 - INFO: Clicking 15 times.
17:40:14.411 - INFO: Buying any available upgrades.
17:40:14.519 - INFO: No more upgrades available.
17:40:14.625 - INFO: Clicking 15 times.
17:40:31.059 - INFO: Buying any available upgrades.
17:40:31.184 - INFO: No more upgrades available.
17:40:31.292 - INFO: Clicking 15 times.
17:40:47.761 - INFO: Buying any available upgrades.
17:40:47.879 - INFO: No more upgrades available.
17:40:47.989 - INFO: Clicking 15 times.
17:41:04.511 - INFO: Buying any available upgrades.
17:41:04.620 - INFO: No more upgrades available.
17:41:04.724 - INFO: Clicking 15 times.
17:41:21.192 - INFO: Buying any available upgrades.
17:41:21.308 - INFO: No more upgrades available.
17:41:21.424 - INFO: Clicking 15 times.
17:41:37.846 - INFO: Buying any available upgrades.
17:41:38.302 - INFO: No more upgrades available.
17:41:38.408 - INFO: Clicking 15 times.
17:41:54.844 - INFO: Buying any available upgrades.
17:41:54.962 - INFO: No more upgrades available.
17:41:55.075 - INFO: Clicking 15 times.
17:42:11.511 - INFO: Buying any available upgrades.
17:42:11.652 - INFO: No more upgrades available.
17:42:11.757 - INFO: Clicking 15 times.
17:42:28.210 - INFO: Buying any available upgrades.
17:42:28.318 - INFO: No more upgrades available.
17:42:28.424 - INFO: Clicking 15 times.
17:42:44.976 - INFO: Buying any available upgrades.
17:42:45.087 - INFO: No more upgrades available.
17:42:45.192 - INFO: Clicking 15 times.
17:43:01.661 - INFO: Buying any available upgrades.
17:43:01.775 - INFO: No more upgrades available.
17:43:01.890 - INFO: Clicking 15 times.
17:43:18.344 - INFO: Buying any available upgrades.
17:43:18.454 - INFO: No more upgrades available.
17:43:18.573 - INFO: Clicking 15 times.
17:43:44.593 - INFO: Going back 20 levels to farm.
17:43:46.410 - INFO: Buying any available upgrades.
17:43:46.520 - INFO: No more upgrades available.
17:43:46.640 - INFO: Clicking 15 times.
17:44:02.687 - INFO: Buying any available upgrades.
17:44:02.803 - INFO: No more upgrades available.
17:44:02.923 - INFO: Clicking 15 times.
17:44:18.973 - INFO: Buying any available upgrades.
17:44:19.087 - INFO: No more upgrades available.
17:44:19.191 - INFO: Clicking 15 times.
17:44:21.223 - ERROR: Fail safe detected! Terminating.
17:44:54.302 - INFO: Program started. Press Ctrl-C to abort at any time.
17:44:54.302 - INFO: To interrupt mouse movement, move mouse to upper left corner.
17:44:57.343 - INFO: Finding game region...
17:44:59.257 - WARNING: Not sure the game is on screen. Proceeding anyway.
17:44:59.258 - INFO: Game region found: (0, 0, 1920, 1080)
17:44:59.978 - INFO: Buying any available upgrades.
17:45:00.108 - INFO: No more upgrades available.
17:45:03.118 - INFO: Opening images\ss.png to read.
17:45:03.387 - INFO: I think it says: 44:12
17:45:03.888 - INFO: Current mission will complete in 45min.
17:45:03.889 - INFO: Exiting Guild...
17:45:05.525 - INFO: Clicking 15 times.
17:45:08.571 - ERROR: Fail safe detected! Terminating.
